2024-10-12 22:36:59.198 WARNING (SyncWorker_0) [homeassistant.loader] We found a custom integration hacs which has not been tested by Home Assistant. This component might cause stability problems, be sure to disable it if you experience issues with Home Assistant
2024-10-12 22:36:59.200 WARNING (SyncWorker_0) [homeassistant.loader] We found a custom integration webrtc which has not been tested by Home Assistant. This component might cause stability problems, be sure to disable it if you experience issues with Home Assistant
2024-10-12 22:36:59.203 WARNING (SyncWorker_0) [homeassistant.loader] We found a custom integration mjpeg_timelapse which has not been tested by Home Assistant. This component might cause stability problems, be sure to disable it if you experience issues with Home Assistant
2024-10-12 22:36:59.208 WARNING (SyncWorker_0) [homeassistant.loader] We found a custom integration moonraker which has not been tested by Home Assistant. This component might cause stability problems, be sure to disable it if you experience issues with Home Assistant
2024-10-12 22:36:59.212 WARNING (SyncWorker_0) [homeassistant.loader] We found a custom integration nodered which has not been tested by Home Assistant. This component might cause stability problems, be sure to disable it if you experience issues with Home Assistant
2024-10-12 22:37:01.600 WARNING (MainThread) [homeassistant.components.hassio.handler] Found incompatible HTTP option 'server_host'. Watchdog feature disabled
2024-10-12 22:37:42.768 WARNING (MainThread) [habluetooth.scanner] hci0 (D8:3A:DD:2B:61:05): Successful fall-back to passive scanning mode after active scanning failed (4/4)
2024-10-12 22:37:42.893 ERROR (MainThread) [homeassistant.components.input_boolean] Platform input_boolean does not generate unique IDs. ID irrigation_enable already exists - ignoring input_boolean.irrigation_enable
2024-10-12 22:37:44.954 ERROR (MainThread) [homeassistant.components.input_text] Platform input_text does not generate unique IDs. ID remarks already exists - ignoring input_text.remarks
2024-10-12 22:37:44.955 ERROR (MainThread) [homeassistant.components.input_text] Platform input_text does not generate unique IDs. ID medium already exists - ignoring input_text.medium
2024-10-12 22:37:47.720 ERROR (MainThread) [homeassistant.components.input_datetime] Platform input_datetime does not generate unique IDs. ID flip_date already exists - ignoring input_datetime.flip_date
2024-10-12 22:37:47.720 ERROR (MainThread) [homeassistant.components.input_datetime] Platform input_datetime does not generate unique IDs. ID first_sun already exists - ignoring input_datetime.first_sun
2024-10-12 22:37:50.049 WARNING (MainThread) [homeassistant.components.template.config] The entity definition format under template: differs from the platform configuration format. See https://www.home-assistant.io/integrations/template#configuration-for-trigger-based-template-sensors
2024-10-12 22:37:52.160 ERROR (MainThread) [frontend.js.modern.202410022] Uncaught error from Safari 18.0.1 on Mac OS 10.15.7
Error: Failed to execute 'define' on 'CustomElementRegistry': the name "flex-horseshoe-card" has already been used with this registry
message (node_modules/core-js/modules/web.dom-exception.stack.js:25:24)
src/scoped-custom-element-registry.js:45:10
module code (/hacsfiles/flex-horseshoe-card/flex-horseshoe-card.js:1976:24)
2024-10-12 22:37:52.738 DEBUG (MainThread) [homeassistant.components.automation.light_height_automation] Loaded automation automation.light_height_automation with state True from state storage last state <state automation.light_height_automation=on; id=automations_light_height, last_triggered=2024-10-12T17:15:00.257077+00:00, mode=single, current=0, friendly_name=Light Height Automation @ 2024-10-12T19:00:24.971451+02:00>
2024-10-12 22:37:52.741 DEBUG (MainThread) [homeassistant.components.automation.timelapse] Loaded automation automation.timelapse with state True from state storage last state <state automation.timelapse=on; id=automations_timelapse, last_triggered=2024-10-12T20:00:00.420786+00:00, mode=single, current=0, friendly_name=Timelapse @ 2024-10-12T19:00:24.975257+02:00>
2024-10-12 22:37:52.742 DEBUG (MainThread) [homeassistant.components.automation.vpd_control_automation] Loaded automation automation.vpd_control_automation with state True from state storage last state <state automation.vpd_control_automation=on; id=automations_vpd, last_triggered=2024-10-12T20:36:00.418811+00:00, mode=single, current=0, friendly_name=VPD Control Automation @ 2024-10-12T19:00:24.976682+02:00>
2024-10-12 22:37:52.743 DEBUG (MainThread) [homeassistant.components.automation.water_autopot] Loaded automation automation.water_autopot with state True from state storage last state <state automation.water_autopot=on; id=automations_water_autopot, last_triggered=2024-10-12T20:00:00.332234+00:00, mode=single, current=0, friendly_name=Water Autopot @ 2024-10-12T19:00:24.978511+02:00>
2024-10-12 22:37:52.744 DEBUG (MainThread) [homeassistant.components.automation.water_circulation] Loaded automation automation.water_circulation with state True from state storage last state <state automation.water_circulation=on; id=automations_water_circulation, last_triggered=2024-10-12T20:00:00.188373+00:00, mode=single, current=0, friendly_name=Water Circulation @ 2024-10-12T19:00:24.980437+02:00>
2024-10-12 22:37:52.745 DEBUG (MainThread) [homeassistant.components.automation.light_intensity_control] Loaded automation automation.light_intensity_control with state True from state storage last state <state automation.light_intensity_control=on; id=automations_light_intensity, last_triggered=2024-10-12T20:36:30.355171+00:00, mode=single, current=0, friendly_name=Light Intensity Control @ 2024-10-12T19:00:24.982068+02:00>
2024-10-12 22:37:52.746 DEBUG (MainThread) [homeassistant.components.automation.wind_fan_control] Loaded automation automation.wind_fan_control with state True from state storage last state <state automation.wind_fan_control=on; id=automations_wind_fan_control, last_triggered=2024-10-12T20:36:00.162406+00:00, mode=single, current=0, friendly_name=Wind Fan Control @ 2024-10-12T19:00:24.983575+02:00>
2024-10-12 22:37:55.999 WARNING (MainThread) [aioesphomeapi.reconnect_logic] Can't connect to ESPHome API for g1-brain @ 192.168.1.137: Error connecting to [AddrInfo(family=<AddressFamily.AF_INET: 2>, type=<SocketKind.SOCK_STREAM: 1>, proto=6, sockaddr=IPv4Sockaddr(address='192.168.1.137', port=6053))]: [Errno 113] Connect call failed ('192.168.1.137', 6053) (SocketAPIError)
2024-10-12 22:37:59.193 INFO (MainThread) [homeassistant.components.automation.light_height_automation] Initialized trigger Light Height Automation
2024-10-12 22:37:59.195 INFO (MainThread) [homeassistant.components.automation.timelapse] Initialized trigger Timelapse
2024-10-12 22:37:59.196 INFO (MainThread) [homeassistant.components.automation.vpd_control_automation] Initialized trigger VPD Control Automation
2024-10-12 22:37:59.197 INFO (MainThread) [homeassistant.components.automation.water_autopot] Initialized trigger Water Autopot
2024-10-12 22:37:59.198 INFO (MainThread) [homeassistant.components.automation.water_circulation] Initialized trigger Water Circulation
2024-10-12 22:37:59.200 INFO (MainThread) [homeassistant.components.automation.light_intensity_control] Initialized trigger Light Intensity Control
2024-10-12 22:37:59.202 INFO (MainThread) [homeassistant.components.automation.wind_fan_control] Initialized trigger Wind Fan Control
2024-10-12 22:38:00.131 DEBUG (MainThread) [homeassistant.components.automation.water_autopot] Automation trigger 'None' triggered by time pattern
2024-10-12 22:38:00.132 DEBUG (MainThread) [homeassistant.components.automation.water_autopot] Conditions not met, aborting automation. Condition summary: {'trigger/0': deque([{'path': 'trigger/0', 'timestamp': datetime.datetime(2024, 10, 12, 20, 38, 0, 131899, tzinfo=datetime.timezone.utc), 'changed_variables': {'this': {'entity_id': 'automation.water_autopot', 'state': 'on', 'attributes': {'id': 'automations_water_autopot', 'last_triggered': datetime.datetime(2024, 10, 12, 20, 0, 0, 332234, tzinfo=datetime.timezone.utc), 'mode': 'single', 'current': 0, 'friendly_name': 'Water Autopot'}, 'last_changed': '2024-10-12T20:37:52.743517+00:00', 'last_reported': '2024-10-12T20:37:52.743517+00:00', 'last_updated': '2024-10-12T20:37:52.743517+00:00', 'context': {'id': '01JA177BZ7NJZ607Z3TA4E3MDX', 'parent_id': None, 'user_id': None}}, 'trigger': {'id': '0', 'idx': '0', 'alias': None, 'platform': 'time_pattern', 'now': datetime.datetime(2024, 10, 12, 22, 38, 0, 130864, tzinfo=zoneinfo.ZoneInfo(key='Europe/Berlin')), 'description': 'time pattern'}}}]), 'condition/0': deque([{'path': 'condition/0', 'timestamp': datetime.datetime(2024, 10, 12, 20, 38, 0, 132018, tzinfo=datetime.timezone.utc), 'result': {'result': False, 'entities': ['input_number.irrigation_period']}}])}
2024-10-12 22:38:00.134 DEBUG (MainThread) [homeassistant.components.automation.vpd_control_automation] Automation trigger 'None' triggered by time pattern
2024-10-12 22:38:00.148 INFO (MainThread) [homeassistant.components.automation.vpd_control_automation] VPD Control Automation: Running automation actions
2024-10-12 22:38:00.148 INFO (MainThread) [homeassistant.components.automation.vpd_control_automation] VPD Control Automation: Executing step setting variables
2024-10-12 22:38:00.215 INFO (MainThread) [homeassistant.components.automation.vpd_control_automation] VPD Control Automation: Executing step call service
2024-10-12 22:38:00.237 INFO (MainThread) [homeassistant.components.automation.vpd_control_automation] VPD Control Automation: Executing step call service
2024-10-12 22:38:00.239 INFO (MainThread) [homeassistant.components.automation.vpd_control_automation] VPD Control Automation: Executing step call service
2024-10-12 22:38:00.240 WARNING (MainThread) [homeassistant.helpers.service] Referenced entities input_number.previous_d_canopy_target are missing or not currently available
2024-10-12 22:38:00.241 INFO (MainThread) [homeassistant.components.automation.vpd_control_automation] VPD Control Automation: Executing step call service
2024-10-12 22:38:00.244 WARNING (MainThread) [homeassistant.helpers.service] Referenced entities input_number.integral_intake are missing or not currently available
2024-10-12 22:38:00.245 INFO (MainThread) [homeassistant.components.automation.vpd_control_automation] VPD Control Automation: Executing step call service
2024-10-12 22:38:00.246 WARNING (MainThread) [homeassistant.helpers.service] Referenced entities input_number.integral_exhaust are missing or not currently available
2024-10-12 22:38:00.269 INFO (MainThread) [homeassistant.components.automation.vpd_control_automation] VPD Control Automation: Choose at step 7: choice 2: Running automation actions
2024-10-12 22:38:00.272 INFO (MainThread) [homeassistant.components.automation.vpd_control_automation] VPD Control Automation: Choose at step 7: choice 2: Choose at step 1: choice 1: Running automation actions
2024-10-12 22:38:00.272 INFO (MainThread) [homeassistant.components.automation.vpd_control_automation] VPD Control Automation: Choose at step 7: choice 2: Choose at step 1: choice 1: Executing step call service
2024-10-12 22:38:00.281 INFO (MainThread) [homeassistant.components.automation.vpd_control_automation] VPD Control Automation: Choose at step 7: choice 2: Choose at step 1: choice 1: Executing step call service
2024-10-12 22:38:00.299 INFO (MainThread) [homeassistant.components.automation.vpd_control_automation] VPD Control Automation: Choose at step 7: choice 2: Choose at step 1: choice 1: Executing step call service
2024-10-12 22:38:00.306 INFO (MainThread) [homeassistant.components.automation.vpd_control_automation] VPD Control Automation: Choose at step 7: choice 2: Choose at step 1: choice 1: Executing step call service
2024-10-12 22:38:00.319 DEBUG (MainThread) [homeassistant.components.automation.timelapse] Automation trigger 'None' triggered by time pattern
2024-10-12 22:38:00.322 DEBUG (MainThread) [homeassistant.components.automation.timelapse] Conditions not met, aborting automation. Condition summary: {'trigger/0': deque([{'path': 'trigger/0', 'timestamp': datetime.datetime(2024, 10, 12, 20, 38, 0, 320766, tzinfo=datetime.timezone.utc), 'changed_variables': {'this': {'entity_id': 'automation.timelapse', 'state': 'on', 'attributes': {'id': 'automations_timelapse', 'last_triggered': datetime.datetime(2024, 10, 12, 20, 0, 0, 420786, tzinfo=datetime.timezone.utc), 'mode': 'single', 'current': 0, 'friendly_name': 'Timelapse'}, 'last_changed': '2024-10-12T20:37:52.741729+00:00', 'last_reported': '2024-10-12T20:37:52.741729+00:00', 'last_updated': '2024-10-12T20:37:52.741729+00:00', 'context': {'id': '01JA177BZ5G5D9WHRQ3S2ACSCK', 'parent_id': None, 'user_id': None}}, 'trigger': {'id': '0', 'idx': '0', 'alias': None, 'platform': 'time_pattern', 'now': datetime.datetime(2024, 10, 12, 22, 38, 0, 318947, tzinfo=zoneinfo.ZoneInfo(key='Europe/Berlin')), 'description': 'time pattern'}}}]), 'condition/0': deque([{'path': 'condition/0', 'timestamp': datetime.datetime(2024, 10, 12, 20, 38, 0, 320920, tzinfo=datetime.timezone.utc), 'result': {'result': False, 'entities': ['input_number.timelapse_period']}}])}
2024-10-12 22:38:00.347 DEBUG (MainThread) [homeassistant.components.automation.light_intensity_control] Automation trigger 'None' triggered by time pattern
2024-10-12 22:38:00.349 INFO (MainThread) [homeassistant.components.automation.light_intensity_control] Light Intensity Control: Running automation actions
2024-10-12 22:38:00.350 INFO (MainThread) [homeassistant.components.automation.light_intensity_control] Light Intensity Control: Executing step setting variables
2024-10-12 22:38:00.380 INFO (MainThread) [homeassistant.components.automation.light_intensity_control] Light Intensity Control: Choose at step 2: choice 2: Running automation actions
2024-10-12 22:38:00.380 INFO (MainThread) [homeassistant.components.automation.light_intensity_control] Light Intensity Control: Choose at step 2: choice 2: Executing step call service
2024-10-12 22:38:00.393 INFO (MainThread) [homeassistant.components.automation.light_intensity_control] Light Intensity Control: Choose at step 2: choice 2: Executing step call service
2024-10-12 22:38:00.396 INFO (MainThread) [homeassistant.components.automation.light_intensity_control] Light Intensity Control: Executing step call service
2024-10-12 22:38:00.410 INFO (MainThread) [homeassistant.components.automation.light_intensity_control] Light Intensity Control: Executing step call service
2024-10-12 22:38:00.433 DEBUG (MainThread) [homeassistant.components.automation.wind_fan_control] Automation trigger 'None' triggered by time pattern
2024-10-12 22:38:00.435 INFO (MainThread) [homeassistant.components.automation.wind_fan_control] Wind Fan Control: Running automation actions
2024-10-12 22:38:00.435 INFO (MainThread) [homeassistant.components.automation.wind_fan_control] Wind Fan Control: Executing step setting variables
2024-10-12 22:38:00.439 INFO (MainThread) [homeassistant.components.automation.wind_fan_control] Wind Fan Control: Choose at step 2: choice 2: Running automation actions
2024-10-12 22:38:00.440 INFO (MainThread) [homeassistant.components.automation.wind_fan_control] Wind Fan Control: Choose at step 2: choice 2: Executing step setting variables
2024-10-12 22:38:00.441 INFO (MainThread) [homeassistant.components.automation.wind_fan_control] Wind Fan Control: Choose at step 2: choice 2: Executing step call service
2024-10-12 22:38:00.451 INFO (MainThread) [homeassistant.components.automation.wind_fan_control] Wind Fan Control: Choose at step 2: choice 2: Executing step call service
2024-10-12 22:38:00.504 DEBUG (MainThread) [homeassistant.components.automation.water_circulation] Automation trigger 'None' triggered by time pattern
2024-10-12 22:38:00.506 DEBUG (MainThread) [homeassistant.components.automation.water_circulation] Conditions not met, aborting automation. Condition summary: {'trigger/0': deque([{'path': 'trigger/0', 'timestamp': datetime.datetime(2024, 10, 12, 20, 38, 0, 505354, tzinfo=datetime.timezone.utc), 'changed_variables': {'this': {'entity_id': 'automation.water_circulation', 'state': 'on', 'attributes': {'id': 'automations_water_circulation', 'last_triggered': datetime.datetime(2024, 10, 12, 20, 0, 0, 188373, tzinfo=datetime.timezone.utc), 'mode': 'single', 'current': 0, 'friendly_name': 'Water Circulation'}, 'last_changed': '2024-10-12T20:37:52.744955+00:00', 'last_reported': '2024-10-12T20:37:52.744955+00:00', 'last_updated': '2024-10-12T20:37:52.744955+00:00', 'context': {'id': '01JA177BZ8EZT9Z6B3N8YDZ20V', 'parent_id': None, 'user_id': None}}, 'trigger': {'id': '0', 'idx': '0', 'alias': None, 'platform': 'time_pattern', 'now': datetime.datetime(2024, 10, 12, 22, 38, 0, 504366, tzinfo=zoneinfo.ZoneInfo(key='Europe/Berlin')), 'description': 'time pattern'}}}]), 'condition/0': deque([{'path': 'condition/0', 'timestamp': datetime.datetime(2024, 10, 12, 20, 38, 0, 505463, tzinfo=datetime.timezone.utc), 'result': {'result': False, 'entities': ['input_number.water_circulation_period']}}])}
2024-10-12 22:38:30.332 DEBUG (MainThread) [homeassistant.components.automation.light_intensity_control] Automation trigger 'None' triggered by time pattern
2024-10-12 22:38:30.334 INFO (MainThread) [homeassistant.components.automation.light_intensity_control] Light Intensity Control: Running automation actions
2024-10-12 22:38:30.335 INFO (MainThread) [homeassistant.components.automation.light_intensity_control] Light Intensity Control: Executing step setting variables
2024-10-12 22:38:30.346 INFO (MainThread) [homeassistant.components.automation.light_intensity_control] Light Intensity Control: Choose at step 2: choice 2: Running automation actions
2024-10-12 22:38:30.346 INFO (MainThread) [homeassistant.components.automation.light_intensity_control] Light Intensity Control: Choose at step 2: choice 2: Executing step call service
2024-10-12 22:38:30.350 INFO (MainThread) [homeassistant.components.automation.light_intensity_control] Light Intensity Control: Choose at step 2: choice 2: Executing step call service
2024-10-12 22:38:30.352 INFO (MainThread) [homeassistant.components.automation.light_intensity_control] Light Intensity Control: Executing step call service
2024-10-12 22:38:30.354 INFO (MainThread) [homeassistant.components.automation.light_intensity_control] Light Intensity Control: Executing step call service
2024-10-12 22:39:00.126 DEBUG (MainThread) [homeassistant.components.automation.water_autopot] Automation trigger 'None' triggered by time pattern
2024-10-12 22:39:00.127 DEBUG (MainThread) [homeassistant.components.automation.water_autopot] Conditions not met, aborting automation. Condition summary: {'trigger/0': deque([{'path': 'trigger/0', 'timestamp': datetime.datetime(2024, 10, 12, 20, 39, 0, 126558, tzinfo=datetime.timezone.utc), 'changed_variables': {'this': {'entity_id': 'automation.water_autopot', 'state': 'on', 'attributes': {'id': 'automations_water_autopot', 'last_triggered': datetime.datetime(2024, 10, 12, 20, 0, 0, 332234, tzinfo=datetime.timezone.utc), 'mode': 'single', 'current': 0, 'friendly_name': 'Water Autopot'}, 'last_changed': '2024-10-12T20:37:52.743517+00:00', 'last_reported': '2024-10-12T20:37:52.743517+00:00', 'last_updated': '2024-10-12T20:37:52.743517+00:00', 'context': {'id': '01JA177BZ7NJZ607Z3TA4E3MDX', 'parent_id': None, 'user_id': None}}, 'trigger': {'id': '0', 'idx': '0', 'alias': None, 'platform': 'time_pattern', 'now': datetime.datetime(2024, 10, 12, 22, 39, 0, 125598, tzinfo=zoneinfo.ZoneInfo(key='Europe/Berlin')), 'description': 'time pattern'}}}]), 'condition/0': deque([{'path': 'condition/0', 'timestamp': datetime.datetime(2024, 10, 12, 20, 39, 0, 126647, tzinfo=datetime.timezone.utc), 'result': {'result': False, 'entities': ['input_number.irrigation_period']}}])}
2024-10-12 22:39:00.131 DEBUG (MainThread) [homeassistant.components.automation.vpd_control_automation] Automation trigger 'None' triggered by time pattern
2024-10-12 22:39:00.134 INFO (MainThread) [homeassistant.components.automation.vpd_control_automation] VPD Control Automation: Running automation actions
2024-10-12 22:39:00.134 INFO (MainThread) [homeassistant.components.automation.vpd_control_automation] VPD Control Automation: Executing step setting variables
2024-10-12 22:39:00.143 INFO (MainThread) [homeassistant.components.automation.vpd_control_automation] VPD Control Automation: Executing step call service
2024-10-12 22:39:00.145 INFO (MainThread) [homeassistant.components.automation.vpd_control_automation] VPD Control Automation: Executing step call service
2024-10-12 22:39:00.146 INFO (MainThread) [homeassistant.components.automation.vpd_control_automation] VPD Control Automation: Executing step call service
2024-10-12 22:39:00.149 WARNING (MainThread) [homeassistant.helpers.service] Referenced entities input_number.previous_d_canopy_target are missing or not currently available
2024-10-12 22:39:00.150 INFO (MainThread) [homeassistant.components.automation.vpd_control_automation] VPD Control Automation: Executing step call service
2024-10-12 22:39:00.150 WARNING (MainThread) [homeassistant.helpers.service] Referenced entities input_number.integral_intake are missing or not currently available
2024-10-12 22:39:00.151 INFO (MainThread) [homeassistant.components.automation.vpd_control_automation] VPD Control Automation: Executing step call service
2024-10-12 22:39:00.152 WARNING (MainThread) [homeassistant.helpers.service] Referenced entities input_number.integral_exhaust are missing or not currently available
2024-10-12 22:39:00.153 INFO (MainThread) [homeassistant.components.automation.vpd_control_automation] VPD Control Automation: Choose at step 7: choice 1: Running automation actions
2024-10-12 22:39:00.155 INFO (MainThread) [homeassistant.components.automation.vpd_control_automation] VPD Control Automation: Choose at step 7: choice 1: Choose at step 1: choice 1: Running automation actions
2024-10-12 22:39:00.156 INFO (MainThread) [homeassistant.components.automation.vpd_control_automation] VPD Control Automation: Choose at step 7: choice 1: Choose at step 1: choice 1: Executing step call service
2024-10-12 22:39:00.160 INFO (MainThread) [homeassistant.components.automation.vpd_control_automation] VPD Control Automation: Choose at step 7: choice 1: Choose at step 2: choice 2: Running automation actions
2024-10-12 22:39:00.160 INFO (MainThread) [homeassistant.components.automation.vpd_control_automation] VPD Control Automation: Choose at step 7: choice 1: Choose at step 2: choice 2: Executing step call service
2024-10-12 22:39:00.164 INFO (MainThread) [homeassistant.components.automation.vpd_control_automation] VPD Control Automation: Choose at step 7: choice 1: Choose at step 2: choice 2: Executing step call service
2024-10-12 22:39:00.167 INFO (MainThread) [homeassistant.components.automation.vpd_control_automation] VPD Control Automation: Choose at step 7: choice 1: Choose at step 2: choice 2: Executing step call service
2024-10-12 22:39:00.246 DEBUG (MainThread) [homeassistant.components.automation.timelapse] Automation trigger 'None' triggered by time pattern
2024-10-12 22:39:00.248 DEBUG (MainThread) [homeassistant.components.automation.timelapse] Conditions not met, aborting automation. Condition summary: {'trigger/0': deque([{'path': 'trigger/0', 'timestamp': datetime.datetime(2024, 10, 12, 20, 39, 0, 247520, tzinfo=datetime.timezone.utc), 'changed_variables': {'this': {'entity_id': 'automation.timelapse', 'state': 'on', 'attributes': {'id': 'automations_timelapse', 'last_triggered': datetime.datetime(2024, 10, 12, 20, 0, 0, 420786, tzinfo=datetime.timezone.utc), 'mode': 'single', 'current': 0, 'friendly_name': 'Timelapse'}, 'last_changed': '2024-10-12T20:37:52.741729+00:00', 'last_reported': '2024-10-12T20:37:52.741729+00:00', 'last_updated': '2024-10-12T20:37:52.741729+00:00', 'context': {'id': '01JA177BZ5G5D9WHRQ3S2ACSCK', 'parent_id': None, 'user_id': None}}, 'trigger': {'id': '0', 'idx': '0', 'alias': None, 'platform': 'time_pattern', 'now': datetime.datetime(2024, 10, 12, 22, 39, 0, 246378, tzinfo=zoneinfo.ZoneInfo(key='Europe/Berlin')), 'description': 'time pattern'}}}]), 'condition/0': deque([{'path': 'condition/0', 'timestamp': datetime.datetime(2024, 10, 12, 20, 39, 0, 247630, tzinfo=datetime.timezone.utc), 'result': {'result': False, 'entities': ['input_number.timelapse_period']}}])}
2024-10-12 22:39:00.331 DEBUG (MainThread) [homeassistant.components.automation.light_intensity_control] Automation trigger 'None' triggered by time pattern
2024-10-12 22:39:00.335 INFO (MainThread) [homeassistant.components.automation.light_intensity_control] Light Intensity Control: Running automation actions
2024-10-12 22:39:00.335 INFO (MainThread) [homeassistant.components.automation.light_intensity_control] Light Intensity Control: Executing step setting variables
2024-10-12 22:39:00.345 INFO (MainThread) [homeassistant.components.automation.light_intensity_control] Light Intensity Control: Choose at step 2: choice 2: Running automation actions
2024-10-12 22:39:00.346 INFO (MainThread) [homeassistant.components.automation.light_intensity_control] Light Intensity Control: Choose at step 2: choice 2: Executing step call service
2024-10-12 22:39:00.350 INFO (MainThread) [homeassistant.components.automation.light_intensity_control] Light Intensity Control: Choose at step 2: choice 2: Executing step call service
2024-10-12 22:39:00.353 INFO (MainThread) [homeassistant.components.automation.light_intensity_control] Light Intensity Control: Executing step call service
2024-10-12 22:39:00.354 INFO (MainThread) [homeassistant.components.automation.light_intensity_control] Light Intensity Control: Executing step call service
2024-10-12 22:39:00.390 DEBUG (MainThread) [homeassistant.components.automation.wind_fan_control] Automation trigger 'None' triggered by time pattern
2024-10-12 22:39:00.391 INFO (MainThread) [homeassistant.components.automation.wind_fan_control] Wind Fan Control: Running automation actions
2024-10-12 22:39:00.393 INFO (MainThread) [homeassistant.components.automation.wind_fan_control] Wind Fan Control: Executing step setting variables
2024-10-12 22:39:00.395 INFO (MainThread) [homeassistant.components.automation.wind_fan_control] Wind Fan Control: Choose at step 2: choice 2: Running automation actions
2024-10-12 22:39:00.395 INFO (MainThread) [homeassistant.components.automation.wind_fan_control] Wind Fan Control: Choose at step 2: choice 2: Executing step setting variables
2024-10-12 22:39:00.396 INFO (MainThread) [homeassistant.components.automation.wind_fan_control] Wind Fan Control: Choose at step 2: choice 2: Executing step call service
2024-10-12 22:39:00.399 INFO (MainThread) [homeassistant.components.automation.wind_fan_control] Wind Fan Control: Choose at step 2: choice 2: Executing step call service
2024-10-12 22:39:00.498 DEBUG (MainThread) [homeassistant.components.automation.water_circulation] Automation trigger 'None' triggered by time pattern
2024-10-12 22:39:00.500 DEBUG (MainThread) [homeassistant.components.automation.water_circulation] Conditions not met, aborting automation. Condition summary: {'trigger/0': deque([{'path': 'trigger/0', 'timestamp': datetime.datetime(2024, 10, 12, 20, 39, 0, 499278, tzinfo=datetime.timezone.utc), 'changed_variables': {'this': {'entity_id': 'automation.water_circulation', 'state': 'on', 'attributes': {'id': 'automations_water_circulation', 'last_triggered': datetime.datetime(2024, 10, 12, 20, 0, 0, 188373, tzinfo=datetime.timezone.utc), 'mode': 'single', 'current': 0, 'friendly_name': 'Water Circulation'}, 'last_changed': '2024-10-12T20:37:52.744955+00:00', 'last_reported': '2024-10-12T20:37:52.744955+00:00', 'last_updated': '2024-10-12T20:37:52.744955+00:00', 'context': {'id': '01JA177BZ8EZT9Z6B3N8YDZ20V', 'parent_id': None, 'user_id': None}}, 'trigger': {'id': '0', 'idx': '0', 'alias': None, 'platform': 'time_pattern', 'now': datetime.datetime(2024, 10, 12, 22, 39, 0, 497955, tzinfo=zoneinfo.ZoneInfo(key='Europe/Berlin')), 'description': 'time pattern'}}}]), 'condition/0': deque([{'path': 'condition/0', 'timestamp': datetime.datetime(2024, 10, 12, 20, 39, 0, 499408, tzinfo=datetime.timezone.utc), 'result': {'result': False, 'entities': ['input_number.water_circulation_period']}}])}
2024-10-12 22:39:30.333 DEBUG (MainThread) [homeassistant.components.automation.light_intensity_control] Automation trigger 'None' triggered by time pattern
2024-10-12 22:39:30.335 INFO (MainThread) [homeassistant.components.automation.light_intensity_control] Light Intensity Control: Running automation actions
2024-10-12 22:39:30.335 INFO (MainThread) [homeassistant.components.automation.light_intensity_control] Light Intensity Control: Executing step setting variables
2024-10-12 22:39:30.342 INFO (MainThread) [homeassistant.components.automation.light_intensity_control] Light Intensity Control: Choose at step 2: choice 2: Running automation actions
2024-10-12 22:39:30.343 INFO (MainThread) [homeassistant.components.automation.light_intensity_control] Light Intensity Control: Choose at step 2: choice 2: Executing step call service
2024-10-12 22:39:30.346 INFO (MainThread) [homeassistant.components.automation.light_intensity_control] Light Intensity Control: Choose at step 2: choice 2: Executing step call service
2024-10-12 22:39:30.349 INFO (MainThread) [homeassistant.components.automation.light_intensity_control] Light Intensity Control: Executing step call service
2024-10-12 22:39:30.350 INFO (MainThread) [homeassistant.components.automation.light_intensity_control] Light Intensity Control: Executing step call service
2024-10-12 22:40:00.125 DEBUG (MainThread) [homeassistant.components.automation.water_autopot] Automation trigger 'None' triggered by time pattern
2024-10-12 22:40:00.126 DEBUG (MainThread) [homeassistant.components.automation.water_autopot] Conditions not met, aborting automation. Condition summary: {'trigger/0': deque([{'path': 'trigger/0', 'timestamp': datetime.datetime(2024, 10, 12, 20, 40, 0, 125722, tzinfo=datetime.timezone.utc), 'changed_variables': {'this': {'entity_id': 'automation.water_autopot', 'state': 'on', 'attributes': {'id': 'automations_water_autopot', 'last_triggered': datetime.datetime(2024, 10, 12, 20, 0, 0, 332234, tzinfo=datetime.timezone.utc), 'mode': 'single', 'current': 0, 'friendly_name': 'Water Autopot'}, 'last_changed': '2024-10-12T20:37:52.743517+00:00', 'last_reported': '2024-10-12T20:37:52.743517+00:00', 'last_updated': '2024-10-12T20:37:52.743517+00:00', 'context': {'id': '01JA177BZ7NJZ607Z3TA4E3MDX', 'parent_id': None, 'user_id': None}}, 'trigger': {'id': '0', 'idx': '0', 'alias': None, 'platform': 'time_pattern', 'now': datetime.datetime(2024, 10, 12, 22, 40, 0, 124898, tzinfo=zoneinfo.ZoneInfo(key='Europe/Berlin')), 'description': 'time pattern'}}}]), 'condition/0': deque([{'path': 'condition/0', 'timestamp': datetime.datetime(2024, 10, 12, 20, 40, 0, 125804, tzinfo=datetime.timezone.utc), 'result': {'result': False, 'entities': ['input_number.irrigation_period']}}])}
2024-10-12 22:40:00.131 DEBUG (MainThread) [homeassistant.components.automation.vpd_control_automation] Automation trigger 'None' triggered by time pattern
2024-10-12 22:40:00.134 INFO (MainThread) [homeassistant.components.automation.vpd_control_automation] VPD Control Automation: Running automation actions
2024-10-12 22:40:00.135 INFO (MainThread) [homeassistant.components.automation.vpd_control_automation] VPD Control Automation: Executing step setting variables
2024-10-12 22:40:00.143 INFO (MainThread) [homeassistant.components.automation.vpd_control_automation] VPD Control Automation: Executing step call service
2024-10-12 22:40:00.145 INFO (MainThread) [homeassistant.components.automation.vpd_control_automation] VPD Control Automation: Executing step call service
2024-10-12 22:40:00.146 INFO (MainThread) [homeassistant.components.automation.vpd_control_automation] VPD Control Automation: Executing step call service
2024-10-12 22:40:00.146 WARNING (MainThread) [homeassistant.helpers.service] Referenced entities input_number.previous_d_canopy_target are missing or not currently available
2024-10-12 22:40:00.147 INFO (MainThread) [homeassistant.components.automation.vpd_control_automation] VPD Control Automation: Executing step call service
2024-10-12 22:40:00.147 WARNING (MainThread) [homeassistant.helpers.service] Referenced entities input_number.integral_intake are missing or not currently available
2024-10-12 22:40:00.148 INFO (MainThread) [homeassistant.components.automation.vpd_control_automation] VPD Control Automation: Executing step call service
2024-10-12 22:40:00.152 WARNING (MainThread) [homeassistant.helpers.service] Referenced entities input_number.integral_exhaust are missing or not currently available
2024-10-12 22:40:00.153 INFO (MainThread) [homeassistant.components.automation.vpd_control_automation] VPD Control Automation: Choose at step 7: choice 1: Running automation actions
2024-10-12 22:40:00.154 INFO (MainThread) [homeassistant.components.automation.vpd_control_automation] VPD Control Automation: Choose at step 7: choice 1: Choose at step 1: choice 1: Running automation actions
2024-10-12 22:40:00.154 INFO (MainThread) [homeassistant.components.automation.vpd_control_automation] VPD Control Automation: Choose at step 7: choice 1: Choose at step 1: choice 1: Executing step call service
2024-10-12 22:40:00.158 INFO (MainThread) [homeassistant.components.automation.vpd_control_automation] VPD Control Automation: Choose at step 7: choice 1: Choose at step 2: choice 2: Running automation actions
2024-10-12 22:40:00.158 INFO (MainThread) [homeassistant.components.automation.vpd_control_automation] VPD Control Automation: Choose at step 7: choice 1: Choose at step 2: choice 2: Executing step call service
2024-10-12 22:40:00.161 INFO (MainThread) [homeassistant.components.automation.vpd_control_automation] VPD Control Automation: Choose at step 7: choice 1: Choose at step 2: choice 2: Executing step call service
2024-10-12 22:40:00.164 INFO (MainThread) [homeassistant.components.automation.vpd_control_automation] VPD Control Automation: Choose at step 7: choice 1: Choose at step 2: choice 2: Executing step call service
2024-10-12 22:40:00.246 DEBUG (MainThread) [homeassistant.components.automation.timelapse] Automation trigger 'None' triggered by time pattern
2024-10-12 22:40:00.247 DEBUG (MainThread) [homeassistant.components.automation.timelapse] Conditions not met, aborting automation. Condition summary: {'trigger/0': deque([{'path': 'trigger/0', 'timestamp': datetime.datetime(2024, 10, 12, 20, 40, 0, 247303, tzinfo=datetime.timezone.utc), 'changed_variables': {'this': {'entity_id': 'automation.timelapse', 'state': 'on', 'attributes': {'id': 'automations_timelapse', 'last_triggered': datetime.datetime(2024, 10, 12, 20, 0, 0, 420786, tzinfo=datetime.timezone.utc), 'mode': 'single', 'current': 0, 'friendly_name': 'Timelapse'}, 'last_changed': '2024-10-12T20:37:52.741729+00:00', 'last_reported': '2024-10-12T20:37:52.741729+00:00', 'last_updated': '2024-10-12T20:37:52.741729+00:00', 'context': {'id': '01JA177BZ5G5D9WHRQ3S2ACSCK', 'parent_id': None, 'user_id': None}}, 'trigger': {'id': '0', 'idx': '0', 'alias': None, 'platform': 'time_pattern', 'now': datetime.datetime(2024, 10, 12, 22, 40, 0, 246461, tzinfo=zoneinfo.ZoneInfo(key='Europe/Berlin')), 'description': 'time pattern'}}}]), 'condition/0': deque([{'path': 'condition/0', 'timestamp': datetime.datetime(2024, 10, 12, 20, 40, 0, 247364, tzinfo=datetime.timezone.utc), 'result': {'result': False, 'entities': ['input_number.timelapse_period']}}])}
2024-10-12 22:40:00.331 DEBUG (MainThread) [homeassistant.components.automation.light_intensity_control] Automation trigger 'None' triggered by time pattern
2024-10-12 22:40:00.333 INFO (MainThread) [homeassistant.components.automation.light_intensity_control] Light Intensity Control: Running automation actions
2024-10-12 22:40:00.334 INFO (MainThread) [homeassistant.components.automation.light_intensity_control] Light Intensity Control: Executing step setting variables
2024-10-12 22:40:00.340 INFO (MainThread) [homeassistant.components.automation.light_intensity_control] Light Intensity Control: Choose at step 2: choice 2: Running automation actions
2024-10-12 22:40:00.340 INFO (MainThread) [homeassistant.components.automation.light_intensity_control] Light Intensity Control: Choose at step 2: choice 2: Executing step call service
2024-10-12 22:40:00.343 INFO (MainThread) [homeassistant.components.automation.light_intensity_control] Light Intensity Control: Choose at step 2: choice 2: Executing step call service
2024-10-12 22:40:00.347 INFO (MainThread) [homeassistant.components.automation.light_intensity_control] Light Intensity Control: Executing step call service
2024-10-12 22:40:00.349 INFO (MainThread) [homeassistant.components.automation.light_intensity_control] Light Intensity Control: Executing step call service
2024-10-12 22:40:00.390 DEBUG (MainThread) [homeassistant.components.automation.wind_fan_control] Automation trigger 'None' triggered by time pattern
2024-10-12 22:40:00.391 INFO (MainThread) [homeassistant.components.automation.wind_fan_control] Wind Fan Control: Running automation actions
2024-10-12 22:40:00.391 INFO (MainThread) [homeassistant.components.automation.wind_fan_control] Wind Fan Control: Executing step setting variables
2024-10-12 22:40:00.392 INFO (MainThread) [homeassistant.components.automation.wind_fan_control] Wind Fan Control: Choose at step 2: choice 2: Running automation actions
2024-10-12 22:40:00.393 INFO (MainThread) [homeassistant.components.automation.wind_fan_control] Wind Fan Control: Choose at step 2: choice 2: Executing step setting variables
2024-10-12 22:40:00.393 INFO (MainThread) [homeassistant.components.automation.wind_fan_control] Wind Fan Control: Choose at step 2: choice 2: Executing step call service
2024-10-12 22:40:00.399 INFO (MainThread) [homeassistant.components.automation.wind_fan_control] Wind Fan Control: Choose at step 2: choice 2: Executing step call service
2024-10-12 22:40:00.498 DEBUG (MainThread) [homeassistant.components.automation.water_circulation] Automation trigger 'None' triggered by time pattern
2024-10-12 22:40:00.499 DEBUG (MainThread) [homeassistant.components.automation.water_circulation] Conditions not met, aborting automation. Condition summary: {'trigger/0': deque([{'path': 'trigger/0', 'timestamp': datetime.datetime(2024, 10, 12, 20, 40, 0, 499114, tzinfo=datetime.timezone.utc), 'changed_variables': {'this': {'entity_id': 'automation.water_circulation', 'state': 'on', 'attributes': {'id': 'automations_water_circulation', 'last_triggered': datetime.datetime(2024, 10, 12, 20, 0, 0, 188373, tzinfo=datetime.timezone.utc), 'mode': 'single', 'current': 0, 'friendly_name': 'Water Circulation'}, 'last_changed': '2024-10-12T20:37:52.744955+00:00', 'last_reported': '2024-10-12T20:37:52.744955+00:00', 'last_updated': '2024-10-12T20:37:52.744955+00:00', 'context': {'id': '01JA177BZ8EZT9Z6B3N8YDZ20V', 'parent_id': None, 'user_id': None}}, 'trigger': {'id': '0', 'idx': '0', 'alias': None, 'platform': 'time_pattern', 'now': datetime.datetime(2024, 10, 12, 22, 40, 0, 498130, tzinfo=zoneinfo.ZoneInfo(key='Europe/Berlin')), 'description': 'time pattern'}}}]), 'condition/0': deque([{'path': 'condition/0', 'timestamp': datetime.datetime(2024, 10, 12, 20, 40, 0, 499218, tzinfo=datetime.timezone.utc), 'result': {'result': False, 'entities': ['input_number.water_circulation_period']}}])}
2024-10-12 22:40:30.332 DEBUG (MainThread) [homeassistant.components.automation.light_intensity_control] Automation trigger 'None' triggered by time pattern
2024-10-12 22:40:30.335 INFO (MainThread) [homeassistant.components.automation.light_intensity_control] Light Intensity Control: Running automation actions
2024-10-12 22:40:30.335 INFO (MainThread) [homeassistant.components.automation.light_intensity_control] Light Intensity Control: Executing step setting variables
2024-10-12 22:40:30.346 INFO (MainThread) [homeassistant.components.automation.light_intensity_control] Light Intensity Control: Choose at step 2: choice 2: Running automation actions
2024-10-12 22:40:30.347 INFO (MainThread) [homeassistant.components.automation.light_intensity_control] Light Intensity Control: Choose at step 2: choice 2: Executing step call service
2024-10-12 22:40:30.349 INFO (MainThread) [homeassistant.components.automation.light_intensity_control] Light Intensity Control: Choose at step 2: choice 2: Executing step call service
2024-10-12 22:40:30.352 INFO (MainThread) [homeassistant.components.automation.light_intensity_control] Light Intensity Control: Executing step call service
2024-10-12 22:40:30.353 INFO (MainThread) [homeassistant.components.automation.light_intensity_control] Light Intensity Control: Executing step call service
2024-10-12 22:41:00.127 DEBUG (MainThread) [homeassistant.components.automation.water_autopot] Automation trigger 'None' triggered by time pattern
2024-10-12 22:41:00.137 DEBUG (MainThread) [homeassistant.components.automation.water_autopot] Conditions not met, aborting automation. Condition summary: {'trigger/0': deque([{'path': 'trigger/0', 'timestamp': datetime.datetime(2024, 10, 12, 20, 41, 0, 133424, tzinfo=datetime.timezone.utc), 'changed_variables': {'this': {'entity_id': 'automation.water_autopot', 'state': 'on', 'attributes': {'id': 'automations_water_autopot', 'last_triggered': datetime.datetime(2024, 10, 12, 20, 0, 0, 332234, tzinfo=datetime.timezone.utc), 'mode': 'single', 'current': 0, 'friendly_name': 'Water Autopot'}, 'last_changed': '2024-10-12T20:37:52.743517+00:00', 'last_reported': '2024-10-12T20:37:52.743517+00:00', 'last_updated': '2024-10-12T20:37:52.743517+00:00', 'context': {'id': '01JA177BZ7NJZ607Z3TA4E3MDX', 'parent_id': None, 'user_id': None}}, 'trigger': {'id': '0', 'idx': '0', 'alias': None, 'platform': 'time_pattern', 'now': datetime.datetime(2024, 10, 12, 22, 41, 0, 126737, tzinfo=zoneinfo.ZoneInfo(key='Europe/Berlin')), 'description': 'time pattern'}}}]), 'condition/0': deque([{'path': 'condition/0', 'timestamp': datetime.datetime(2024, 10, 12, 20, 41, 0, 133507, tzinfo=datetime.timezone.utc), 'result': {'result': False, 'entities': ['input_number.irrigation_period']}}])}
2024-10-12 22:41:00.138 DEBUG (MainThread) [homeassistant.components.automation.vpd_control_automation] Automation trigger 'None' triggered by time pattern
2024-10-12 22:41:00.195 INFO (MainThread) [homeassistant.components.automation.vpd_control_automation] VPD Control Automation: Running automation actions
2024-10-12 22:41:00.196 INFO (MainThread) [homeassistant.components.automation.vpd_control_automation] VPD Control Automation: Executing step setting variables
2024-10-12 22:41:00.204 INFO (MainThread) [homeassistant.components.automation.vpd_control_automation] VPD Control Automation: Executing step call service
2024-10-12 22:41:00.206 INFO (MainThread) [homeassistant.components.automation.vpd_control_automation] VPD Control Automation: Executing step call service
2024-10-12 22:41:00.209 INFO (MainThread) [homeassistant.components.automation.vpd_control_automation] VPD Control Automation: Executing step call service
2024-10-12 22:41:00.210 WARNING (MainThread) [homeassistant.helpers.service] Referenced entities input_number.previous_d_canopy_target are missing or not currently available
2024-10-12 22:41:00.211 INFO (MainThread) [homeassistant.components.automation.vpd_control_automation] VPD Control Automation: Executing step call service
2024-10-12 22:41:00.222 WARNING (MainThread) [homeassistant.helpers.service] Referenced entities input_number.integral_intake are missing or not currently available
2024-10-12 22:41:00.223 INFO (MainThread) [homeassistant.components.automation.vpd_control_automation] VPD Control Automation: Executing step call service
2024-10-12 22:41:00.223 WARNING (MainThread) [homeassistant.helpers.service] Referenced entities input_number.integral_exhaust are missing or not currently available
2024-10-12 22:41:00.225 INFO (MainThread) [homeassistant.components.automation.vpd_control_automation] VPD Control Automation: Choose at step 7: choice 2: Running automation actions
2024-10-12 22:41:00.228 INFO (MainThread) [homeassistant.components.automation.vpd_control_automation] VPD Control Automation: Choose at step 7: choice 2: Choose at step 1: choice 1: Running automation actions
2024-10-12 22:41:00.228 INFO (MainThread) [homeassistant.components.automation.vpd_control_automation] VPD Control Automation: Choose at step 7: choice 2: Choose at step 1: choice 1: Executing step call service
2024-10-12 22:41:00.237 INFO (MainThread) [homeassistant.components.automation.vpd_control_automation] VPD Control Automation: Choose at step 7: choice 2: Choose at step 1: choice 1: Executing step call service
2024-10-12 22:41:00.239 INFO (MainThread) [homeassistant.components.automation.vpd_control_automation] VPD Control Automation: Choose at step 7: choice 2: Choose at step 1: choice 1: Executing step call service
2024-10-12 22:41:00.242 INFO (MainThread) [homeassistant.components.automation.vpd_control_automation] VPD Control Automation: Choose at step 7: choice 2: Choose at step 1: choice 1: Executing step call service
2024-10-12 22:41:00.298 DEBUG (MainThread) [homeassistant.components.automation.timelapse] Automation trigger 'None' triggered by time pattern
2024-10-12 22:41:00.301 DEBUG (MainThread) [homeassistant.components.automation.timelapse] Conditions not met, aborting automation. Condition summary: {'trigger/0': deque([{'path': 'trigger/0', 'timestamp': datetime.datetime(2024, 10, 12, 20, 41, 0, 300370, tzinfo=datetime.timezone.utc), 'changed_variables': {'this': {'entity_id': 'automation.timelapse', 'state': 'on', 'attributes': {'id': 'automations_timelapse', 'last_triggered': datetime.datetime(2024, 10, 12, 20, 0, 0, 420786, tzinfo=datetime.timezone.utc), 'mode': 'single', 'current': 0, 'friendly_name': 'Timelapse'}, 'last_changed': '2024-10-12T20:37:52.741729+00:00', 'last_reported': '2024-10-12T20:37:52.741729+00:00', 'last_updated': '2024-10-12T20:37:52.741729+00:00', 'context': {'id': '01JA177BZ5G5D9WHRQ3S2ACSCK', 'parent_id': None, 'user_id': None}}, 'trigger': {'id': '0', 'idx': '0', 'alias': None, 'platform': 'time_pattern', 'now': datetime.datetime(2024, 10, 12, 22, 41, 0, 298359, tzinfo=zoneinfo.ZoneInfo(key='Europe/Berlin')), 'description': 'time pattern'}}}]), 'condition/0': deque([{'path': 'condition/0', 'timestamp': datetime.datetime(2024, 10, 12, 20, 41, 0, 300494, tzinfo=datetime.timezone.utc), 'result': {'result': False, 'entities': ['input_number.timelapse_period']}}])}
2024-10-12 22:41:00.331 DEBUG (MainThread) [homeassistant.components.automation.light_intensity_control] Automation trigger 'None' triggered by time pattern
2024-10-12 22:41:00.333 INFO (MainThread) [homeassistant.components.automation.light_intensity_control] Light Intensity Control: Running automation actions
2024-10-12 22:41:00.333 INFO (MainThread) [homeassistant.components.automation.light_intensity_control] Light Intensity Control: Executing step setting variables
2024-10-12 22:41:00.339 INFO (MainThread) [homeassistant.components.automation.light_intensity_control] Light Intensity Control: Choose at step 2: choice 2: Running automation actions
2024-10-12 22:41:00.340 INFO (MainThread) [homeassistant.components.automation.light_intensity_control] Light Intensity Control: Choose at step 2: choice 2: Executing step call service
2024-10-12 22:41:00.343 INFO (MainThread) [homeassistant.components.automation.light_intensity_control] Light Intensity Control: Choose at step 2: choice 2: Executing step call service
2024-10-12 22:41:00.347 INFO (MainThread) [homeassistant.components.automation.light_intensity_control] Light Intensity Control: Executing step call service
2024-10-12 22:41:00.349 INFO (MainThread) [homeassistant.components.automation.light_intensity_control] Light Intensity Control: Executing step call service
2024-10-12 22:41:00.388 DEBUG (MainThread) [homeassistant.components.automation.wind_fan_control] Automation trigger 'None' triggered by time pattern
2024-10-12 22:41:00.390 INFO (MainThread) [homeassistant.components.automation.wind_fan_control] Wind Fan Control: Running automation actions
2024-10-12 22:41:00.390 INFO (MainThread) [homeassistant.components.automation.wind_fan_control] Wind Fan Control: Executing step setting variables
2024-10-12 22:41:00.391 INFO (MainThread) [homeassistant.components.automation.wind_fan_control] Wind Fan Control: Choose at step 2: choice 2: Running automation actions
2024-10-12 22:41:00.392 INFO (MainThread) [homeassistant.components.automation.wind_fan_control] Wind Fan Control: Choose at step 2: choice 2: Executing step setting variables
2024-10-12 22:41:00.392 INFO (MainThread) [homeassistant.components.automation.wind_fan_control] Wind Fan Control: Choose at step 2: choice 2: Executing step call service
2024-10-12 22:41:00.395 INFO (MainThread) [homeassistant.components.automation.wind_fan_control] Wind Fan Control: Choose at step 2: choice 2: Executing step call service
2024-10-12 22:41:00.498 DEBUG (MainThread) [homeassistant.components.automation.water_circulation] Automation trigger 'None' triggered by time pattern
2024-10-12 22:41:00.499 DEBUG (MainThread) [homeassistant.components.automation.water_circulation] Conditions not met, aborting automation. Condition summary: {'trigger/0': deque([{'path': 'trigger/0', 'timestamp': datetime.datetime(2024, 10, 12, 20, 41, 0, 498648, tzinfo=datetime.timezone.utc), 'changed_variables': {'this': {'entity_id': 'automation.water_circulation', 'state': 'on', 'attributes': {'id': 'automations_water_circulation', 'last_triggered': datetime.datetime(2024, 10, 12, 20, 0, 0, 188373, tzinfo=datetime.timezone.utc), 'mode': 'single', 'current': 0, 'friendly_name': 'Water Circulation'}, 'last_changed': '2024-10-12T20:37:52.744955+00:00', 'last_reported': '2024-10-12T20:37:52.744955+00:00', 'last_updated': '2024-10-12T20:37:52.744955+00:00', 'context': {'id': '01JA177BZ8EZT9Z6B3N8YDZ20V', 'parent_id': None, 'user_id': None}}, 'trigger': {'id': '0', 'idx': '0', 'alias': None, 'platform': 'time_pattern', 'now': datetime.datetime(2024, 10, 12, 22, 41, 0, 497660, tzinfo=zoneinfo.ZoneInfo(key='Europe/Berlin')), 'description': 'time pattern'}}}]), 'condition/0': deque([{'path': 'condition/0', 'timestamp': datetime.datetime(2024, 10, 12, 20, 41, 0, 498733, tzinfo=datetime.timezone.utc), 'result': {'result': False, 'entities': ['input_number.water_circulation_period']}}])}
2024-10-12 22:41:30.332 DEBUG (MainThread) [homeassistant.components.automation.light_intensity_control] Automation trigger 'None' triggered by time pattern
2024-10-12 22:41:30.336 INFO (MainThread) [homeassistant.components.automation.light_intensity_control] Light Intensity Control: Running automation actions
2024-10-12 22:41:30.336 INFO (MainThread) [homeassistant.components.automation.light_intensity_control] Light Intensity Control: Executing step setting variables
2024-10-12 22:41:30.340 INFO (MainThread) [homeassistant.components.automation.light_intensity_control] Light Intensity Control: Choose at step 2: choice 2: Running automation actions
2024-10-12 22:41:30.341 INFO (MainThread) [homeassistant.components.automation.light_intensity_control] Light Intensity Control: Choose at step 2: choice 2: Executing step call service
2024-10-12 22:41:30.344 INFO (MainThread) [homeassistant.components.automation.light_intensity_control] Light Intensity Control: Choose at step 2: choice 2: Executing step call service
2024-10-12 22:41:30.346 INFO (MainThread) [homeassistant.components.automation.light_intensity_control] Light Intensity Control: Executing step call service
2024-10-12 22:41:30.347 INFO (MainThread) [homeassistant.components.automation.light_intensity_control] Light Intensity Control: Executing step call service
